Arguments: 
  /usr/local/bin/node /usr/local/Cellar/yarn/1.22.10/libexec/bin/yarn.js add url:https:

PATH: 
  /var/folders/lf/3md2nths66932kgj5t3d8f0m0000gn/T/yarn--1615383389947-0.06320400625395295:/Users/moritzsalla/Documents/GitHub/mif-starfield/node_modules/.bin:/Users/moritzsalla/.config/yarn/link/node_modules/.bin:/usr/local/libexec/lib/node_modules/npm/bin/node-gyp-bin:/usr/local/lib/node_modules/npm/bin/node-gyp-bin:/usr/local/bin/node_modules/npm/bin/node-gyp-bin:/Users/moritzsalla/.pyenv/shims:/usr/local/opt/openjdk/bin:/Users/moritzsalla/anaconda3/bin:/Users/moritzsalla/anaconda3/condabin:/usr/local/bin:/usr/bin:/bin:/usr/sbin:/sbin:/Library/TeX/texbin:/Library/Apple/usr/bin:/Library/Frameworks/Mono.framework/Versions/Current/Commands:/Users/moritzsalla/.cargo/bin:/usr/ucb

Yarn version: 
  1.22.10

Node version: 
  12.18.2

Platform: 
  darwin x64

Trace: 
  Error: url:https: Invalid protocol: url:
      at Request.module.exports.Request.init (/usr/local/Cellar/yarn/1.22.10/libexec/lib/cli.js:141018:31)
      at new Request (/usr/local/Cellar/yarn/1.22.10/libexec/lib/cli.js:140691:8)
      at request (/usr/local/Cellar/yarn/1.22.10/libexec/lib/cli.js:137597:10)
      at RequestManager.execute (/usr/local/Cellar/yarn/1.22.10/libexec/lib/cli.js:67040:15)
      at RequestManager.shiftQueue (/usr/local/Cellar/yarn/1.22.10/libexec/lib/cli.js:67078:10)
      at /usr/local/Cellar/yarn/1.22.10/libexec/lib/cli.js:66747:13
      at new Promise (<anonymous>)
      at new F (/usr/local/Cellar/yarn/1.22.10/libexec/lib/cli.js:5301:28)
      at RequestManager.request (/usr/local/Cellar/yarn/1.22.10/libexec/lib/cli.js:66745:19)
      at NpmRegistry.<anonymous> (/usr/local/Cellar/yarn/1.22.10/libexec/lib/cli.js:31704:42)

npm manifest: 
  {
    "name": "mif-starfield",
    "version": "1.0.0",
    "author": "moritzsalla <moritz.salla@hotmail.de>",
    "license": "MIT",
    "main": "dist/index.html",
    "scripts": {
      "dev": "parcel src/index.html",
      "build": "parcel build src/index.html"
    },
    "devDependencies": {
      "prettier": "^2.2.1"
    },
    "dependencies": {
      "three": "^0.126.1"
    }
  }

yarn manifest: 
  No manifest

Lockfile: 
  # THIS IS AN AUTOGENERATED FILE. DO NOT EDIT THIS FILE DIRECTLY.
  # yarn lockfile v1
  
  
  prettier@^2.2.1:
    version "2.2.1"
    resolved "https://registry.yarnpkg.com/prettier/-/prettier-2.2.1.tgz#795a1a78dd52f073da0cd42b21f9c91381923ff5"
    integrity sha512-PqyhM2yCjg/oKkFPtTGUojv7gnZAoG80ttl45O6x2Ug/rMJw4wcc9k6aaf2hibP7BGVCCM33gZoGjyvt9mm16Q==
  
  three@^0.126.1:
    version "0.126.1"
    resolved "https://registry.yarnpkg.com/three/-/three-0.126.1.tgz#cf4e4e52060fd952f6f0d5440cbd422c66bc4be7"
    integrity sha512-eOEXnZeE1FDV0XgL1u08auIP13jxdN9LQBAEmlErYzMxtIIfuGIAZbijOyookALUhqVzVOx0Tywj6n192VM+nQ==
